<?xml version="1.0" encoding="UTF-8"?>
<testng-results ignored="0" total="1" passed="1" failed="0" skipped="0">
  <reporter-output>
  </reporter-output>
  <suite started-at="2023-02-16T15:57:53 IST" name="Surefire suite" finished-at="2023-02-16T15:57:53 IST" duration-ms="19">
    <groups>
    </groups>
    <test started-at="2023-02-16T15:57:53 IST" name="Surefire test" finished-at="2023-02-16T15:57:53 IST" duration-ms="19">
      <class name="com.example.inventoryservice.InventoryServiceApplicationTests">
        <test-method signature="contextLoads()[pri:0, instance:com.example.inventoryservice.InventoryServiceApplicationTests@14d3bc22]" started-at="2023-02-16T15:57:53 IST" name="contextLoads" finished-at="2023-02-16T15:57:53 IST" duration-ms="2" status="PASS">
          <reporter-output>
          </reporter-output>
        </test-method> <!-- contextLoads -->
      </class> <!-- com.example.inventoryservice.InventoryServiceApplicationTests -->
    </test> <!-- Surefire test -->
  </suite> <!-- Surefire suite -->
</testng-results>
