<?xml version="1.0" encoding="UTF-8"?>
<testng-results ignored="0" total="1" passed="1" failed="0" skipped="0">
  <reporter-output>
  </reporter-output>
  <suite started-at="2023-02-16T15:57:58 IST" name="Surefire suite" finished-at="2023-02-16T15:57:58 IST" duration-ms="16">
    <groups>
    </groups>
    <test started-at="2023-02-16T15:57:58 IST" name="Surefire test" finished-at="2023-02-16T15:57:58 IST" duration-ms="16">
      <class name="com.example.productservice.ProductServiceApplicationTests">
        <test-method signature="contextLoads()[pri:0, instance:com.example.productservice.ProductServiceApplicationTests@13acb0d1]" started-at="2023-02-16T15:57:58 IST" name="contextLoads" finished-at="2023-02-16T15:57:58 IST" duration-ms="2" status="PASS">
          <reporter-output>
          </reporter-output>
        </test-method> <!-- contextLoads -->
      </class> <!-- com.example.productservice.ProductServiceApplicationTests -->
    </test> <!-- Surefire test -->
  </suite> <!-- Surefire suite -->
</testng-results>
